<?xml version="1.0" encoding="utf-8"?>
<test-run id="2" testcasecount="1" result="Passed" total="1" passed="1" failed="0" inconclusive="0" skipped="0" asserts="0" engine-version="3.5.0.0" clr-version="4.0.30319.42000" start-time="2025-08-04 11:05:42Z" end-time="2025-08-04 11:05:42Z" duration="0.0061432">
  <test-suite type="TestSuite" id="1015" name="MyUnityChess" fullname="MyUnityChess" runstate="Runnable" testcasecount="2" result="Passed" start-time="2025-08-04 11:05:42Z" end-time="2025-08-04 11:05:42Z" duration="0.006143" total="1" passed="1" failed="0" inconclusive="0" skipped="0" asserts="0">
    <properties>
      <property name="platform" value="EditMode" />
    </properties>
    <test-suite type="Assembly" id="1004" name="Tests1.dll" fullname="/Users/junjiewu/Projects/MyUnityChess/Library/ScriptAssemblies/Tests1.dll" runstate="Runnable" testcasecount="2" result="Passed" start-time="2025-08-04 11:05:42Z" end-time="2025-08-04 11:05:42Z" duration="0.004922" total="1" passed="1" failed="0" inconclusive="0" skipped="0" asserts="0">
      <properties>
        <property name="_PID" value="85108" />
        <property name="_APPDOMAIN" value="Unity Child Domain" />
        <property name="platform" value="EditMode" />
        <property name="EditorOnly" value="True" />
      </properties>
      <test-suite type="TestFixture" id="1001" name="NewTestScript" fullname="NewTestScript" classname="NewTestScript" runstate="Runnable" testcasecount="2" result="Passed" start-time="2025-08-04 11:05:42Z" end-time="2025-08-04 11:05:42Z" duration="0.003918" total="1" passed="1" failed="0" inconclusive="0" skipped="0" asserts="0">
        <properties />
        <test-case id="1003" name="NewTestScriptWithEnumeratorPasses" fullname="NewTestScript.NewTestScriptWithEnumeratorPasses" methodname="NewTestScriptWithEnumeratorPasses" classname="NewTestScript" runstate="Runnable" seed="1159072597" result="Passed" start-time="2025-08-04 11:05:42Z" end-time="2025-08-04 11:05:42Z" duration="0.002830" asserts="0">
          <properties>
            <property name="_JOINTYPE" value="UnityCombinatorial" />
            <property name="retryIteration" value="0" />
            <property name="repeatIteration" value="0" />
          </properties>
          <output><![CDATA[Saving results to: /Users/junjiewu/Library/Application Support/DefaultCompany/MyUnityChess/TestResults.xml
]]></output>
        </test-case>
      </test-suite>
    </test-suite>
  </test-suite>
</test-run>